ERROR - 2022-03-12 20:12:09 --> Error connecting to the database: No se puede establecer una conexión ya que el equipo de destino denegó expresamente dicha conexión
CRITICAL - 2022-03-12 20:12:09 --> Unable to connect to the database.
Main connection [MySQLi]: No se puede establecer una conexión ya que el equipo de destino denegó expresamente dicha conexión
#0 J:\bancoRest\system\Database\BaseConnection.php(577): CodeIgniter\Database\BaseConnection->initialize()
#1 J:\bancoRest\system\Database\BaseBuilder.php(1455): CodeIgniter\Database\BaseConnection->query('SELECT *\nFROM `...', Array, false)
#2 J:\bancoRest\system\Model.php(183): CodeIgniter\Database\BaseBuilder->get()
#3 J:\bancoRest\system\BaseModel.php(584): CodeIgniter\Model->doFindAll(0, 0)
#4 J:\bancoRest\app\Controllers\API\Clientes.php(14): CodeIgniter\BaseModel->findAll()
#5 J:\bancoRest\system\CodeIgniter.php(832): App\Controllers\API\Clientes->index()
#6 J:\bancoRest\system\CodeIgniter.php(419): CodeIgniter\CodeIgniter->runController(Object(App\Controllers\API\Clientes))
#7 J:\bancoRest\system\CodeIgniter.php(326): CodeIgniter\CodeIgniter->handleRequest(NULL, Object(Config\Cache), false)
#8 J:\bancoRest\public\index.php(37): CodeIgniter\CodeIgniter->run()
#9 J:\bancoRest\system\Commands\Server\rewrite.php(43): require_once('J:\\bancoRest\\pu...')
#10 {main}
ERROR - 2022-03-12 20:12:26 --> Error connecting to the database: No se puede establecer una conexión ya que el equipo de destino denegó expresamente dicha conexión
CRITICAL - 2022-03-12 20:12:26 --> Unable to connect to the database.
Main connection [MySQLi]: No se puede establecer una conexión ya que el equipo de destino denegó expresamente dicha conexión
#0 J:\bancoRest\system\Database\BaseConnection.php(577): CodeIgniter\Database\BaseConnection->initialize()
#1 J:\bancoRest\system\Database\BaseBuilder.php(1455): CodeIgniter\Database\BaseConnection->query('SELECT *\nFROM `...', Array, false)
#2 J:\bancoRest\system\Model.php(183): CodeIgniter\Database\BaseBuilder->get()
#3 J:\bancoRest\system\BaseModel.php(584): CodeIgniter\Model->doFindAll(0, 0)
#4 J:\bancoRest\app\Controllers\API\Clientes.php(14): CodeIgniter\BaseModel->findAll()
#5 J:\bancoRest\system\CodeIgniter.php(832): App\Controllers\API\Clientes->index()
#6 J:\bancoRest\system\CodeIgniter.php(419): CodeIgniter\CodeIgniter->runController(Object(App\Controllers\API\Clientes))
#7 J:\bancoRest\system\CodeIgniter.php(326): CodeIgniter\CodeIgniter->handleRequest(NULL, Object(Config\Cache), false)
#8 J:\bancoRest\public\index.php(37): CodeIgniter\CodeIgniter->run()
#9 J:\bancoRest\system\Commands\Server\rewrite.php(43): require_once('J:\\bancoRest\\pu...')
#10 {main}
ERROR - 2022-03-12 20:12:45 --> Error connecting to the database: No se puede establecer una conexión ya que el equipo de destino denegó expresamente dicha conexión
CRITICAL - 2022-03-12 20:12:45 --> Unable to connect to the database.
Main connection [MySQLi]: No se puede establecer una conexión ya que el equipo de destino denegó expresamente dicha conexión
#0 J:\bancoRest\system\Database\BaseConnection.php(577): CodeIgniter\Database\BaseConnection->initialize()
#1 J:\bancoRest\system\Database\BaseBuilder.php(1455): CodeIgniter\Database\BaseConnection->query('SELECT *\nFROM `...', Array, false)
#2 J:\bancoRest\system\Model.php(183): CodeIgniter\Database\BaseBuilder->get()
#3 J:\bancoRest\system\BaseModel.php(584): CodeIgniter\Model->doFindAll(0, 0)
#4 J:\bancoRest\app\Controllers\API\Clientes.php(14): CodeIgniter\BaseModel->findAll()
#5 J:\bancoRest\system\CodeIgniter.php(832): App\Controllers\API\Clientes->index()
#6 J:\bancoRest\system\CodeIgniter.php(419): CodeIgniter\CodeIgniter->runController(Object(App\Controllers\API\Clientes))
#7 J:\bancoRest\system\CodeIgniter.php(326): CodeIgniter\CodeIgniter->handleRequest(NULL, Object(Config\Cache), false)
#8 J:\bancoRest\public\index.php(37): CodeIgniter\CodeIgniter->run()
#9 J:\bancoRest\system\Commands\Server\rewrite.php(43): require_once('J:\\bancoRest\\pu...')
#10 {main}
ERROR - 2022-03-12 20:12:54 --> Error connecting to the database: Access denied for user '****'@'localhost' (using password: YES)
CRITICAL - 2022-03-12 20:12:55 --> Unable to connect to the database.
Main connection [MySQLi]: Access denied for user '****'@'localhost' (using password: YES)
#0 J:\bancoRest\system\Database\BaseConnection.php(577): CodeIgniter\Database\BaseConnection->initialize()
#1 J:\bancoRest\system\Database\BaseBuilder.php(1455): CodeIgniter\Database\BaseConnection->query('SELECT *\nFROM `...', Array, false)
#2 J:\bancoRest\system\Model.php(183): CodeIgniter\Database\BaseBuilder->get()
#3 J:\bancoRest\system\BaseModel.php(584): CodeIgniter\Model->doFindAll(0, 0)
#4 J:\bancoRest\app\Controllers\API\Clientes.php(14): CodeIgniter\BaseModel->findAll()
#5 J:\bancoRest\system\CodeIgniter.php(832): App\Controllers\API\Clientes->index()
#6 J:\bancoRest\system\CodeIgniter.php(419): CodeIgniter\CodeIgniter->runController(Object(App\Controllers\API\Clientes))
#7 J:\bancoRest\system\CodeIgniter.php(326): CodeIgniter\CodeIgniter->handleRequest(NULL, Object(Config\Cache), false)
#8 J:\bancoRest\public\index.php(37): CodeIgniter\CodeIgniter->run()
#9 J:\bancoRest\system\Commands\Server\rewrite.php(43): require_once('J:\\bancoRest\\pu...')
#10 {main}
ERROR - 2022-03-12 20:13:11 --> Error connecting to the database: Access denied for user '****'@'localhost' (using password: YES)
CRITICAL - 2022-03-12 20:13:12 --> Unable to connect to the database.
Main connection [MySQLi]: Access denied for user '****'@'localhost' (using password: YES)
#0 J:\bancoRest\system\Database\BaseConnection.php(577): CodeIgniter\Database\BaseConnection->initialize()
#1 J:\bancoRest\system\Database\BaseBuilder.php(1455): CodeIgniter\Database\BaseConnection->query('SELECT *\nFROM `...', Array, false)
#2 J:\bancoRest\system\Model.php(183): CodeIgniter\Database\BaseBuilder->get()
#3 J:\bancoRest\system\BaseModel.php(584): CodeIgniter\Model->doFindAll(0, 0)
#4 J:\bancoRest\app\Controllers\API\Clientes.php(14): CodeIgniter\BaseModel->findAll()
#5 J:\bancoRest\system\CodeIgniter.php(832): App\Controllers\API\Clientes->index()
#6 J:\bancoRest\system\CodeIgniter.php(419): CodeIgniter\CodeIgniter->runController(Object(App\Controllers\API\Clientes))
#7 J:\bancoRest\system\CodeIgniter.php(326): CodeIgniter\CodeIgniter->handleRequest(NULL, Object(Config\Cache), false)
#8 J:\bancoRest\public\index.php(37): CodeIgniter\CodeIgniter->run()
#9 J:\bancoRest\system\Commands\Server\rewrite.php(43): require_once('J:\\bancoRest\\pu...')
#10 {main}
