CRITICAL - 2022-03-08 06:27:30 --> The framework needs the following extension(s) installed and loaded: intl.
#0 C:\bancoRest\system\CodeIgniter.php(219): CodeIgniter\Exceptions\FrameworkException::forMissingExtension('intl')
#1 C:\bancoRest\system\CodeIgniter.php(177): CodeIgniter\CodeIgniter->resolvePlatformExtensions()
#2 C:\bancoRest\system\bootstrap.php(146): CodeIgniter\CodeIgniter->initialize()
#3 C:\bancoRest\spark(45): require('C:\\bancoRest\\sy...')
#4 {main}
CRITICAL - 2022-03-08 06:31:19 --> The framework needs the following extension(s) installed and loaded: intl.
#0 C:\bancoRest\system\CodeIgniter.php(219): CodeIgniter\Exceptions\FrameworkException::forMissingExtension('intl')
#1 C:\bancoRest\system\CodeIgniter.php(177): CodeIgniter\CodeIgniter->resolvePlatformExtensions()
#2 C:\bancoRest\system\bootstrap.php(146): CodeIgniter\CodeIgniter->initialize()
#3 C:\bancoRest\spark(45): require('C:\\bancoRest\\sy...')
#4 {main}
CRITICAL - 2022-03-08 06:35:47 --> The framework needs the following extension(s) installed and loaded: intl.
#0 J:\bancoRest\system\CodeIgniter.php(219): CodeIgniter\Exceptions\FrameworkException::forMissingExtension('intl')
#1 J:\bancoRest\system\CodeIgniter.php(177): CodeIgniter\CodeIgniter->resolvePlatformExtensions()
#2 J:\bancoRest\system\bootstrap.php(146): CodeIgniter\CodeIgniter->initialize()
#3 J:\bancoRest\spark(45): require('J:\\bancoRest\\sy...')
#4 {main}
CRITICAL - 2022-03-08 07:57:50 --> The framework needs the following extension(s) installed and loaded: intl.
#0 J:\bancoRest\system\CodeIgniter.php(219): CodeIgniter\Exceptions\FrameworkException::forMissingExtension('intl')
#1 J:\bancoRest\system\CodeIgniter.php(177): CodeIgniter\CodeIgniter->resolvePlatformExtensions()
#2 J:\bancoRest\system\bootstrap.php(146): CodeIgniter\CodeIgniter->initialize()
#3 J:\bancoRest\spark(45): require('J:\\bancoRest\\sy...')
#4 {main}
